# JRE version: Java(TM) SE Runtime Environment (8.0_74-b02) (build 1.8.0_74-b02)
# Java VM: Java HotSpot(TM) 64-Bit Server VM (25.74-b02 mixed mode linux-amd64 compressed oops)
Heap:
 PSYoungGen      total 202240K, used 23011K [0x0000000781b00000, 0x0000000796680000, 0x00000007c0000000)
  eden space 194560K, 11% used [0x0000000781b00000,0x0000000783178e40,0x000000078d900000)
  from space 7680K, 0% used [0x000000078d900000,0x000000078d900000,0x000000078e080000)
  to   space 11264K, 0% used [0x0000000795b80000,0x0000000795b80000,0x0000000796680000)
 ParOldGen       total 79872K, used 10445K [0x0000000705000000, 0x0000000709e00000, 0x0000000781b00000)
  object space 79872K, 13% used [0x0000000705000000,0x0000000705a33628,0x0000000709e00000)
 Metaspace       used 35625K, capacity 36030K, committed 36312K, reserved 1079296K
  class space    used 5614K, capacity 5732K, committed 5760K, reserved 1048576K
GC Heap History (10 events):
Event: 1.863 GC heap before
{Heap before GC invocations=3 (full 0):
 PSYoungGen      total 104960K, used 20914K [0x0000000781b00000, 0x0000000788900000, 0x00000007c0000000)
  eden space 97280K, 13% used [0x0000000781b00000,0x00000007827eec80,0x0000000787a00000)
  from space 7680K, 99% used [0x0000000788180000,0x00000007888fdda0,0x0000000788900000)
  to   space 7680K, 0% used [0x0000000787a00000,0x0000000787a00000,0x0000000788180000)
 ParOldGen       total 128512K, used 715K [0x0000000705000000, 0x000000070cd80000, 0x0000000781b00000)
  object space 128512K, 0% used [0x0000000705000000,0x00000007050b2d98,0x000000070cd80000)
 Metaspace       used 21040K, capacity 21206K, committed 21248K, reserved 1067008K
  class space    used 2996K, capacity 3059K, committed 3072K, reserved 1048576K
Event: 1.899 GC heap after
Heap after GC invocations=3 (full 0):
 PSYoungGen      total 104960K, used 5617K [0x0000000781b00000, 0x000000078e800000, 0x00000007c0000000)
  eden space 97280K, 0% used [0x0000000781b00000,0x0000000781b00000,0x0000000787a00000)
  from space 7680K, 73% used [0x0000000787a00000,0x0000000787f7c4c8,0x0000000788180000)
  to   space 7680K, 0% used [0x000000078e080000,0x000000078e080000,0x000000078e800000)
 ParOldGen       total 128512K, used 723K [0x0000000705000000, 0x000000070cd80000, 0x0000000781b00000)
  object space 128512K, 0% used [0x0000000705000000,0x00000007050b4d98,0x000000070cd80000)
 Metaspace       used 21040K, capacity 21206K, committed 21248K, reserved 1067008K
  class space    used 2996K, capacity 3059K, committed 3072K, reserved 1048576K
}
Event: 1.899 GC heap before
{Heap before GC invocations=4 (full 1):
 PSYoungGen      total 104960K, used 5617K [0x0000000781b00000, 0x000000078e800000, 0x00000007c0000000)
  eden space 97280K, 0% used [0x0000000781b00000,0x0000000781b00000,0x0000000787a00000)
  from space 7680K, 73% used [0x0000000787a00000,0x0000000787f7c4c8,0x0000000788180000)
  to   space 7680K, 0% used [0x000000078e080000,0x000000078e080000,0x000000078e800000)
 ParOldGen       total 128512K, used 723K [0x0000000705000000, 0x000000070cd80000, 0x0000000781b00000)
  object space 128512K, 0% used [0x0000000705000000,0x00000007050b4d98,0x000000070cd80000)
 Metaspace       used 21040K, capacity 21206K, committed 21248K, reserved 1067008K
  class space    used 2996K, capacity 3059K, committed 3072K, reserved 1048576K
Event: 1.937 GC heap after
Heap after GC invocations=4 (full 1):
 PSYoungGen      total 104960K, used 0K [0x0000000781b00000, 0x000000078e800000, 0x00000007c0000000)
  eden space 97280K, 0% used [0x0000000781b00000,0x0000000781b00000,0x0000000787a00000)
  from space 7680K, 0% used [0x0000000787a00000,0x0000000787a00000,0x0000000788180000)
  to   space 7680K, 0% used [0x000000078e080000,0x000000078e080000,0x000000078e800000)
 ParOldGen       total 64000K, used 5456K [0x0000000705000000, 0x0000000708e80000, 0x0000000781b00000)
  object space 64000K, 8% used [0x0000000705000000,0x0000000705554270,0x0000000708e80000)
 Metaspace       used 21040K, capacity 21206K, committed 21248K, reserved 1067008K
  class space    used 2996K, capacity 3059K, committed 3072K, reserved 1048576K
}
Event: 2.615 GC heap before
{Heap before GC invocations=5 (full 1):
 PSYoungGen      total 104960K, used 97280K [0x0000000781b00000, 0x000000078e800000, 0x00000007c0000000)
  eden space 97280K, 100% used [0x0000000781b00000,0x0000000787a00000,0x0000000787a00000)
  from space 7680K, 0% used [0x0000000787a00000,0x0000000787a00000,0x0000000788180000)
  to   space 7680K, 0% used [0x000000078e080000,0x000000078e080000,0x000000078e800000)
 ParOldGen       total 64000K, used 5456K [0x0000000705000000, 0x0000000708e80000, 0x0000000781b00000)
  object space 64000K, 8% used [0x0000000705000000,0x0000000705554270,0x0000000708e80000)
 Metaspace       used 30075K, capacity 30360K, committed 30592K, reserved 1075200K
  class space    used 4511K, capacity 4610K, committed 4736K, reserved 1048576K
Event: 2.679 GC heap after
Heap after GC invocations=5 (full 1):
 PSYoungGen      total 185344K, used 7668K [0x0000000781b00000, 0x000000078e800000, 0x00000007c0000000)
  eden space 177664K, 0% used [0x0000000781b00000,0x0000000781b00000,0x000000078c880000)
  from space 7680K, 99% used [0x000000078e080000,0x000000078e7fd2d8,0x000000078e800000)
  to   space 7680K, 0% used [0x000000078d900000,0x000000078d900000,0x000000078e080000)
 ParOldGen       total 64000K, used 7978K [0x0000000705000000, 0x0000000708e80000, 0x0000000781b00000)
  object space 64000K, 12% used [0x0000000705000000,0x00000007057ca8a8,0x0000000708e80000)
 Metaspace       used 30075K, capacity 30360K, committed 30592K, reserved 1075200K
  class space    used 4511K, capacity 4610K, committed 4736K, reserved 1048576K
}
Event: 6.922 GC heap before
{Heap before GC invocations=6 (full 1):
 PSYoungGen      total 185344K, used 45680K [0x0000000781b00000, 0x000000078e800000, 0x00000007c0000000)
  eden space 177664K, 21% used [0x0000000781b00000,0x000000078401f060,0x000000078c880000)
  from space 7680K, 99% used [0x000000078e080000,0x000000078e7fd2d8,0x000000078e800000)
  to   space 7680K, 0% used [0x000000078d900000,0x000000078d900000,0x000000078e080000)
 ParOldGen       total 64000K, used 7978K [0x0000000705000000, 0x0000000708e80000, 0x0000000781b00000)
  object space 64000K, 12% used [0x0000000705000000,0x00000007057ca8a8,0x0000000708e80000)
 Metaspace       used 34978K, capacity 35348K, committed 35416K, reserved 1079296K
  class space    used 5477K, capacity 5597K, committed 5632K, reserved 1048576K
Event: 6.954 GC heap after
Heap after GC invocations=6 (full 1):
 PSYoungGen      total 202240K, used 6737K [0x0000000781b00000, 0x0000000796680000, 0x00000007c0000000)
  eden space 194560K, 0% used [0x0000000781b00000,0x0000000781b00000,0x000000078d900000)
  from space 7680K, 87% used [0x000000078d900000,0x000000078df946f8,0x000000078e080000)
  to   space 11264K, 0% used [0x0000000795b80000,0x0000000795b80000,0x0000000796680000)
 ParOldGen       total 64000K, used 7986K [0x0000000705000000, 0x0000000708e80000, 0x0000000781b00000)
  object space 64000K, 12% used [0x0000000705000000,0x00000007057cc8a8,0x0000000708e80000)
 Metaspace       used 34978K, capacity 35348K, committed 35416K, reserved 1079296K
  class space    used 5477K, capacity 5597K, committed 5632K, reserved 1048576K
}
Event: 6.954 GC heap before
{Heap before GC invocations=7 (full 2):
 PSYoungGen      total 202240K, used 6737K [0x0000000781b00000, 0x0000000796680000, 0x00000007c0000000)
  eden space 194560K, 0% used [0x0000000781b00000,0x0000000781b00000,0x000000078d900000)
  from space 7680K, 87% used [0x000000078d900000,0x000000078df946f8,0x000000078e080000)
  to   space 11264K, 0% used [0x0000000795b80000,0x0000000795b80000,0x0000000796680000)
 ParOldGen       total 64000K, used 7986K [0x0000000705000000, 0x0000000708e80000, 0x0000000781b00000)
  object space 64000K, 12% used [0x0000000705000000,0x00000007057cc8a8,0x0000000708e80000)
 Metaspace       used 34978K, capacity 35348K, committed 35416K, reserved 1079296K
  class space    used 5477K, capacity 5597K, committed 5632K, reserved 1048576K
Event: 6.986 GC heap after
Heap after GC invocations=7 (full 2):
 PSYoungGen      total 202240K, used 0K [0x0000000781b00000, 0x0000000796680000, 0x00000007c0000000)
  eden space 194560K, 0% used [0x0000000781b00000,0x0000000781b00000,0x000000078d900000)
  from space 7680K, 0% used [0x000000078d900000,0x000000078d900000,0x000000078e080000)
  to   space 11264K, 0% used [0x0000000795b80000,0x0000000795b80000,0x0000000796680000)
 ParOldGen       total 79872K, used 10445K [0x0000000705000000, 0x0000000709e00000, 0x0000000781b00000)
  object space 79872K, 13% used [0x0000000705000000,0x0000000705a33628,0x0000000709e00000)
 Metaspace       used 34978K, capacity 35348K, committed 35416K, reserved 1079296K
  class space    used 5477K, capacity 5597K, committed 5632K, reserved 1048576K
}

